KABANI LOG 2018-02-11 17:28:35  INFO NB3111721233 --- [      main]
			c.k.h.KabaniApplication : --***---KABANI APP STARTING UP--***---
KABANI LOG 2018-02-11 17:28:35  INFO NB3111721233 --- [restartedMain]
			c.k.h.KabaniApplication : --***---KABANI APP STARTING UP--***---
KABANI LOG 2018-02-11 17:28:35  INFO NB3111721233 --- [restartedMain]
			c.k.h.KabaniApplication : Starting KabaniApplication on NB3111721233 with PID 13440 (C:\PERSONAL\Projects\fr\kabani-branches\irshad_working_dev\kabani-services\target\classes started by S799975 in C:\PERSONAL\Projects\fr\kabani-branches\irshad_working_dev\kabani-services)
KABANI LOG 2018-02-11 17:28:35  INFO NB3111721233 --- [restartedMain]
			c.k.h.KabaniApplication : No active profile set, falling back to default profiles: default
KABANI LOG 2018-02-11 17:28:35  INFO NB3111721233 --- [restartedMain]
			ationConfigEmbeddedWebApplicationContext : Refreshing org.springframework.boot.context.embedded.AnnotationConfigEmbeddedWebApplicationContext@1a5fa64: startup date [Sun Feb 11 17:28:35 GST 2018]; root of context hierarchy
KABANI LOG 2018-02-11 17:28:36  INFO NB3111721233 --- [kground-preinit]
			o.h.v.i.u.Version    : HV000001: Hibernate Validator 5.3.6.Final
KABANI LOG 2018-02-11 17:28:37  INFO NB3111721233 --- [restartedMain]
			s.b.c.e.t.TomcatEmbeddedServletContainer : Tomcat initialized with port(s): 8888 (http)
KABANI LOG 2018-02-11 17:28:37  INFO NB3111721233 --- [restartedMain]
			o.a.c.c.StandardService : Starting service [Tomcat]
KABANI LOG 2018-02-11 17:28:37  INFO NB3111721233 --- [restartedMain]
			o.a.c.c.StandardEngine : Starting Servlet Engine: Apache Tomcat/8.5.23
KABANI LOG 2018-02-11 17:28:38  INFO NB3111721233 --- [ost-startStop-1]
			o.a.c.c.C.[.[.[/]    : Initializing Spring embedded WebApplicationContext
KABANI LOG 2018-02-11 17:28:38  INFO NB3111721233 --- [ost-startStop-1]
			o.s.w.c.ContextLoader : Root WebApplicationContext: initialization completed in 2175 ms
KABANI LOG 2018-02-11 17:28:38  INFO NB3111721233 --- [ost-startStop-1]
			o.s.b.w.s.ServletRegistrationBean : Mapping servlet: 'dispatcherServlet' to [/]
KABANI LOG 2018-02-11 17:28:38  INFO NB3111721233 --- [ost-startStop-1]
			o.s.b.w.s.FilterRegistrationBean : Mapping filter: 'characterEncodingFilter' to: [/*]
KABANI LOG 2018-02-11 17:28:38  INFO NB3111721233 --- [ost-startStop-1]
			o.s.b.w.s.FilterRegistrationBean : Mapping filter: 'hiddenHttpMethodFilter' to: [/*]
KABANI LOG 2018-02-11 17:28:38  INFO NB3111721233 --- [ost-startStop-1]
			o.s.b.w.s.FilterRegistrationBean : Mapping filter: 'httpPutFormContentFilter' to: [/*]
KABANI LOG 2018-02-11 17:28:38  INFO NB3111721233 --- [ost-startStop-1]
			o.s.b.w.s.FilterRegistrationBean : Mapping filter: 'requestContextFilter' to: [/*]
KABANI LOG 2018-02-11 17:28:55  INFO NB3111721233 --- [restartedMain]
			j.LocalContainerEntityManagerFactoryBean : Building JPA container EntityManagerFactory for persistence unit 'default'
KABANI LOG 2018-02-11 17:28:55  INFO NB3111721233 --- [restartedMain]
			o.h.j.i.u.LogHelper  : HHH000204: Processing PersistenceUnitInfo [
	name: default
	...]
KABANI LOG 2018-02-11 17:28:55  INFO NB3111721233 --- [restartedMain]
			o.h.Version          : HHH000412: Hibernate Core {5.0.12.Final}
KABANI LOG 2018-02-11 17:28:55  INFO NB3111721233 --- [restartedMain]
			o.h.c.Environment    : HHH000206: hibernate.properties not found
KABANI LOG 2018-02-11 17:28:55  INFO NB3111721233 --- [restartedMain]
			o.h.c.Environment    : HHH000021: Bytecode provider name : javassist
KABANI LOG 2018-02-11 17:28:55  INFO NB3111721233 --- [restartedMain]
			o.h.a.c.Version      : HCANN000001: Hibernate Commons Annotations {5.0.1.Final}
KABANI LOG 2018-02-11 17:28:55  INFO NB3111721233 --- [restartedMain]
			o.h.d.Dialect        : HHH000400: Using dialect: org.hibernate.dialect.MySQL5Dialect
KABANI LOG 2018-02-11 17:28:56  WARN NB3111721233 --- [restartedMain]
			o.h.m.RootClass      : HHH000038: Composite-id class does not override equals(): com.kabani.hr.entity.MyKey
KABANI LOG 2018-02-11 17:28:56  WARN NB3111721233 --- [restartedMain]
			o.h.m.RootClass      : HHH000039: Composite-id class does not override hashCode(): com.kabani.hr.entity.MyKey
KABANI LOG 2018-02-11 17:28:56  INFO NB3111721233 --- [restartedMain]
			o.h.t.PojoInstantiator : HHH000182: No default (no-argument) constructor for class: com.kabani.hr.entity.SalaryStatus (class must be instantiated by Interceptor)
KABANI LOG 2018-02-11 17:28:56  INFO NB3111721233 --- [restartedMain]
			o.h.t.h.SchemaUpdate : HHH000228: Running hbm2ddl schema update
KABANI LOG 2018-02-11 17:30:30  INFO NB3111721233 --- [restartedMain]
			j.LocalContainerEntityManagerFactoryBean : Initialized JPA EntityManagerFactory for persistence unit 'default'
KABANI LOG 2018-02-11 17:30:30  INFO NB3111721233 --- [restartedMain]
			o.h.h.i.QueryTranslatorFactoryInitiator : HHH000397: Using ASTQueryTranslatorFactory
KABANI LOG 2018-02-11 17:30:30  INFO NB3111721233 --- [restartedMain]
			s.w.s.m.m.a.RequestMappingHandlerAdapter : Looking for @ControllerAdvice: org.springframework.boot.context.embedded.AnnotationConfigEmbeddedWebApplicationContext@1a5fa64: startup date [Sun Feb 11 17:28:35 GST 2018]; root of context hierarchy
KABANI LOG 2018-02-11 17:30:31  INFO NB3111721233 --- [restartedMain]
			s.w.s.m.m.a.RequestMappingHandlerMapping : Mapped "{[/employeeupload/bulk],methods=[POST]}" onto public java.lang.Iterable<com.kabani.hr.entity.EmployeeDetailsMaster> com.kabani.hr.controller.EmployeeBulkUploadController.handleFileUpload(org.springframework.web.multipart.MultipartFile) throws java.lang.Exception
KABANI LOG 2018-02-11 17:30:31  INFO NB3111721233 --- [restartedMain]
			s.w.s.m.m.a.RequestMappingHandlerMapping : Mapped "{[/employee/addorupdate],methods=[POST]}" onto public boolean com.kabani.hr.controller.EmployeeDetailsController.updateOrAddEmployee(com.kabani.hr.entity.EmployeeDetailsMaster)
KABANI LOG 2018-02-11 17:30:31  INFO NB3111721233 --- [restartedMain]
			s.w.s.m.m.a.RequestMappingHandlerMapping : Mapped "{[/employee/all],methods=[GET]}" onto public java.util.List<com.kabani.hr.entity.EmployeeDetailsMaster> com.kabani.hr.controller.EmployeeDetailsController.getAllEmployees()
KABANI LOG 2018-02-11 17:30:31  INFO NB3111721233 --- [restartedMain]
			s.w.s.m.m.a.RequestMappingHandlerMapping : Mapped "{[/holiday/all/{month}/{year}],methods=[GET]}" onto public java.util.List<com.kabani.hr.entity.HolidayDetailsMaster> com.kabani.hr.controller.HolidayDetailsController.getAllHolidayInYearMonth(int,int)
KABANI LOG 2018-02-11 17:30:31  INFO NB3111721233 --- [restartedMain]
			s.w.s.m.m.a.RequestMappingHandlerMapping : Mapped "{[/holiday/addorupdate],methods=[POST]}" onto public boolean com.kabani.hr.controller.HolidayDetailsController.updateOrAddEmployee(com.kabani.hr.entity.HolidayDetailsMaster)
KABANI LOG 2018-02-11 17:30:31  INFO NB3111721233 --- [restartedMain]
			s.w.s.m.m.a.RequestMappingHandlerMapping : Mapped "{[/holiday/all],methods=[POST]}" onto public java.util.List<com.kabani.hr.entity.HolidayDetailsMaster> com.kabani.hr.controller.HolidayDetailsController.getAllEmployees()
KABANI LOG 2018-02-11 17:30:31  INFO NB3111721233 --- [restartedMain]
			s.w.s.m.m.a.RequestMappingHandlerMapping : Mapped "{[/holiday/delete],methods=[POST]}" onto public boolean com.kabani.hr.controller.HolidayDetailsController.deleteEmployee(com.kabani.hr.entity.HolidayDetailsMaster)
KABANI LOG 2018-02-11 17:30:31  INFO NB3111721233 --- [restartedMain]
			s.w.s.m.m.a.RequestMappingHandlerMapping : Mapped "{[/getAllAttandance],methods=[POST]}" onto public java.lang.Iterable<com.kabani.hr.entity.UserAttendanceDetails> com.kabani.hr.controller.MainController.getAttendanceDetails()
KABANI LOG 2018-02-11 17:30:31  INFO NB3111721233 --- [restartedMain]
			s.w.s.m.m.a.RequestMappingHandlerMapping : Mapped "{[/getDistinctEmployees],methods=[POST]}" onto public java.util.List<com.kabani.hr.entity.UserAttendanceDetails> com.kabani.hr.controller.MainController.getDistinctEmployees()
KABANI LOG 2018-02-11 17:30:31  INFO NB3111721233 --- [restartedMain]
			s.w.s.m.m.a.RequestMappingHandlerMapping : Mapped "{[/getDistinctEmployeesO],methods=[POST]}" onto public java.util.List com.kabani.hr.controller.MainController.getDistinctEmployeesO()
KABANI LOG 2018-02-11 17:30:31  INFO NB3111721233 --- [restartedMain]
			s.w.s.m.m.a.RequestMappingHandlerMapping : Mapped "{[/updateUserAttandance],methods=[POST]}" onto public boolean com.kabani.hr.controller.MainController.updateUserAttandance(com.kabani.hr.entity.UserAttendanceDetails)
KABANI LOG 2018-02-11 17:30:31  INFO NB3111721233 --- [restartedMain]
			s.w.s.m.m.a.RequestMappingHandlerMapping : Mapped "{[/upload/{name}],methods=[POST]}" onto public java.lang.String[] com.kabani.hr.controller.MainController.handleFileUpload(org.springframework.web.multipart.MultipartFile,java.lang.String) throws java.lang.Exception
KABANI LOG 2018-02-11 17:30:31  INFO NB3111721233 --- [restartedMain]
			s.w.s.m.m.a.RequestMappingHandlerMapping : Mapped "{[/add],methods=[GET]}" onto public java.lang.String com.kabani.hr.controller.MainController.addNewUser(java.lang.String,java.lang.String,java.lang.String)
KABANI LOG 2018-02-11 17:30:31  INFO NB3111721233 --- [restartedMain]
			s.w.s.m.m.a.RequestMappingHandlerMapping : Mapped "{[/all],methods=[GET]}" onto public java.lang.Iterable<com.kabani.hr.entity.User> com.kabani.hr.controller.MainController.getAllUsers()
KABANI LOG 2018-02-11 17:30:31  INFO NB3111721233 --- [restartedMain]
			s.w.s.m.m.a.RequestMappingHandlerMapping : Mapped "{[/login],methods=[GET]}" onto public boolean com.kabani.hr.controller.MainController.doLogin(java.lang.String,java.lang.String)
KABANI LOG 2018-02-11 17:30:31  INFO NB3111721233 --- [restartedMain]
			s.w.s.m.m.a.RequestMappingHandlerMapping : Mapped "{[/salary/download],methods=[GET]}" onto public org.springframework.web.servlet.ModelAndView com.kabani.hr.controller.SalaryController.downloadExcelOutputExl(javax.servlet.http.HttpServletResponse) throws java.lang.Exception
KABANI LOG 2018-02-11 17:30:31  INFO NB3111721233 --- [restartedMain]
			s.w.s.m.m.a.RequestMappingHandlerMapping : Mapped "{[/salary/generateSalary/{year}/{month}],methods=[POST]}" onto public java.util.List com.kabani.hr.controller.SalaryController.generateSalary(java.lang.String,java.lang.String) throws java.lang.Exception
KABANI LOG 2018-02-11 17:30:31  INFO NB3111721233 --- [restartedMain]
			s.w.s.m.m.a.RequestMappingHandlerMapping : Mapped "{[/salary/getSalaryExcel],methods=[GET]}" onto public org.springframework.web.servlet.ModelAndView com.kabani.hr.controller.SalaryController.getSalaryExel(java.lang.String,java.lang.String,javax.servlet.http.HttpServletResponse) throws java.lang.Exception
KABANI LOG 2018-02-11 17:30:31  INFO NB3111721233 --- [restartedMain]
			s.w.s.m.m.a.RequestMappingHandlerMapping : Mapped "{[/salary/getSalary],methods=[GET],produces=[application/json]}" onto public java.util.List com.kabani.hr.controller.SalaryController.getSalary(java.lang.String,java.lang.String) throws java.lang.Exception
KABANI LOG 2018-02-11 17:30:31  INFO NB3111721233 --- [restartedMain]
			s.w.s.m.m.a.RequestMappingHandlerMapping : Mapped "{[/salary/salaryGenerated],methods=[GET],produces=[application/json]}" onto public int com.kabani.hr.controller.SalaryController.getSalaryStatus(java.lang.String,java.lang.String) throws java.lang.Exception
KABANI LOG 2018-02-11 17:30:31  INFO NB3111721233 --- [restartedMain]
			s.w.s.m.m.a.RequestMappingHandlerMapping : Mapped "{[/error]}" onto public org.springframework.http.ResponseEntity<java.util.Map<java.lang.String, java.lang.Object>> org.springframework.boot.autoconfigure.web.BasicErrorController.error(javax.servlet.http.HttpServletRequest)
KABANI LOG 2018-02-11 17:30:31  INFO NB3111721233 --- [restartedMain]
			s.w.s.m.m.a.RequestMappingHandlerMapping : Mapped "{[/error],produces=[text/html]}" onto public org.springframework.web.servlet.ModelAndView org.springframework.boot.autoconfigure.web.BasicErrorController.errorHtml(javax.servlet.http.HttpServletRequest,javax.servlet.http.HttpServletResponse)
KABANI LOG 2018-02-11 17:30:31  INFO NB3111721233 --- [restartedMain]
			o.s.w.s.h.SimpleUrlHandlerMapping : Mapped URL path [/webjars/**] onto handler of type [class org.springframework.web.servlet.resource.ResourceHttpRequestHandler]
KABANI LOG 2018-02-11 17:30:31  INFO NB3111721233 --- [restartedMain]
			o.s.w.s.h.SimpleUrlHandlerMapping : Mapped URL path [/**] onto handler of type [class org.springframework.web.servlet.resource.ResourceHttpRequestHandler]
KABANI LOG 2018-02-11 17:30:31  INFO NB3111721233 --- [restartedMain]
			o.s.w.s.h.SimpleUrlHandlerMapping : Mapped URL path [/**/favicon.ico] onto handler of type [class org.springframework.web.servlet.resource.ResourceHttpRequestHandler]
KABANI LOG 2018-02-11 17:30:31  INFO NB3111721233 --- [restartedMain]
			o.s.b.d.a.OptionalLiveReloadServer : LiveReload server is running on port 35729
KABANI LOG 2018-02-11 17:30:31  INFO NB3111721233 --- [restartedMain]
			o.s.j.e.a.AnnotationMBeanExporter : Registering beans for JMX exposure on startup
KABANI LOG 2018-02-11 17:30:31  INFO NB3111721233 --- [restartedMain]
			o.a.c.h.Http11NioProtocol : Initializing ProtocolHandler ["http-nio-8888"]
KABANI LOG 2018-02-11 17:30:31  INFO NB3111721233 --- [restartedMain]
			o.a.c.h.Http11NioProtocol : Starting ProtocolHandler ["http-nio-8888"]
KABANI LOG 2018-02-11 17:30:31  INFO NB3111721233 --- [restartedMain]
			o.a.t.u.n.NioSelectorPool : Using a shared selector for servlet write/read
KABANI LOG 2018-02-11 17:30:31  INFO NB3111721233 --- [restartedMain]
			s.b.c.e.t.TomcatEmbeddedServletContainer : Tomcat started on port(s): 8888 (http)
KABANI LOG 2018-02-11 17:30:31  INFO NB3111721233 --- [restartedMain]
			c.k.h.KabaniApplication : Started KabaniApplication in 116.048 seconds (JVM running for 118.101)
KABANI LOG 2018-02-11 17:33:55  INFO NB3111721233 --- [nio-8888-exec-1]
			o.a.c.c.C.[.[.[/]    : Initializing Spring FrameworkServlet 'dispatcherServlet'
KABANI LOG 2018-02-11 17:33:55  INFO NB3111721233 --- [nio-8888-exec-1]
			o.s.w.s.DispatcherServlet : FrameworkServlet 'dispatcherServlet': initialization started
KABANI LOG 2018-02-11 17:33:55  INFO NB3111721233 --- [nio-8888-exec-1]
			o.s.w.s.DispatcherServlet : FrameworkServlet 'dispatcherServlet': initialization completed in 28 ms
KABANI LOG 2018-02-11 20:48:41  INFO NB3111721233 --- [  Thread-7]
			ationConfigEmbeddedWebApplicationContext : Closing org.springframework.boot.context.embedded.AnnotationConfigEmbeddedWebApplicationContext@1a5fa64: startup date [Sun Feb 11 17:28:35 GST 2018]; root of context hierarchy
KABANI LOG 2018-02-11 20:48:41  INFO NB3111721233 --- [  Thread-7]
			o.s.j.e.a.AnnotationMBeanExporter : Unregistering JMX-exposed beans on shutdown
KABANI LOG 2018-02-11 20:48:41  INFO NB3111721233 --- [  Thread-7]
			j.LocalContainerEntityManagerFactoryBean : Closing JPA EntityManagerFactory for persistence unit 'default'
KABANI LOG 2018-02-11 20:48:41  INFO NB3111721233 --- [restartedMain]
			c.k.h.KabaniApplication : --***---KABANI APP STARTING UP--***---
KABANI LOG 2018-02-11 20:48:41  INFO NB3111721233 --- [restartedMain]
			c.k.h.KabaniApplication : Starting KabaniApplication on NB3111721233 with PID 13440 (C:\PERSONAL\Projects\fr\kabani-branches\irshad_working_dev\kabani-services\target\classes started by S799975 in C:\PERSONAL\Projects\fr\kabani-branches\irshad_working_dev\kabani-services)
KABANI LOG 2018-02-11 20:48:41  INFO NB3111721233 --- [restartedMain]
			c.k.h.KabaniApplication : No active profile set, falling back to default profiles: default
KABANI LOG 2018-02-11 20:48:41  INFO NB3111721233 --- [restartedMain]
			ationConfigEmbeddedWebApplicationContext : Refreshing org.springframework.boot.context.embedded.AnnotationConfigEmbeddedWebApplicationContext@14af4e5: startup date [Sun Feb 11 20:48:41 GST 2018]; root of context hierarchy
KABANI LOG 2018-02-11 20:48:42  INFO NB3111721233 --- [restartedMain]
			s.b.c.e.t.TomcatEmbeddedServletContainer : Tomcat initialized with port(s): 8888 (http)
KABANI LOG 2018-02-11 20:48:42  INFO NB3111721233 --- [restartedMain]
			o.a.c.c.StandardService : Starting service [Tomcat]
KABANI LOG 2018-02-11 20:48:42  INFO NB3111721233 --- [restartedMain]
			o.a.c.c.StandardEngine : Starting Servlet Engine: Apache Tomcat/8.5.23
KABANI LOG 2018-02-11 20:48:42  INFO NB3111721233 --- [ost-startStop-1]
			o.a.c.c.C.[.[.[/]    : Initializing Spring embedded WebApplicationContext
KABANI LOG 2018-02-11 20:48:42  INFO NB3111721233 --- [ost-startStop-1]
			o.s.w.c.ContextLoader : Root WebApplicationContext: initialization completed in 767 ms
KABANI LOG 2018-02-11 20:48:42  INFO NB3111721233 --- [ost-startStop-1]
			o.s.b.w.s.ServletRegistrationBean : Mapping servlet: 'dispatcherServlet' to [/]
KABANI LOG 2018-02-11 20:48:42  INFO NB3111721233 --- [ost-startStop-1]
			o.s.b.w.s.FilterRegistrationBean : Mapping filter: 'characterEncodingFilter' to: [/*]
KABANI LOG 2018-02-11 20:48:42  INFO NB3111721233 --- [ost-startStop-1]
			o.s.b.w.s.FilterRegistrationBean : Mapping filter: 'hiddenHttpMethodFilter' to: [/*]
KABANI LOG 2018-02-11 20:48:42  INFO NB3111721233 --- [ost-startStop-1]
			o.s.b.w.s.FilterRegistrationBean : Mapping filter: 'httpPutFormContentFilter' to: [/*]
KABANI LOG 2018-02-11 20:48:42  INFO NB3111721233 --- [ost-startStop-1]
			o.s.b.w.s.FilterRegistrationBean : Mapping filter: 'requestContextFilter' to: [/*]
KABANI LOG 2018-02-11 22:44:46  INFO NB3111721233 --- [      main]
			c.k.h.KabaniApplication : --***---KABANI APP STARTING UP--***---
KABANI LOG 2018-02-11 22:44:46  INFO NB3111721233 --- [restartedMain]
			c.k.h.KabaniApplication : --***---KABANI APP STARTING UP--***---
KABANI LOG 2018-02-11 22:44:46  INFO NB3111721233 --- [restartedMain]
			c.k.h.KabaniApplication : Starting KabaniApplication on NB3111721233 with PID 7388 (C:\PERSONAL\Projects\fr\kabani-branches\irshad_working_dev\kabani-services\target\classes started by S799975 in C:\PERSONAL\Projects\fr\kabani-branches\irshad_working_dev\kabani-services)
KABANI LOG 2018-02-11 22:44:46  INFO NB3111721233 --- [restartedMain]
			c.k.h.KabaniApplication : No active profile set, falling back to default profiles: default
KABANI LOG 2018-02-11 22:44:47  INFO NB3111721233 --- [restartedMain]
			ationConfigEmbeddedWebApplicationContext : Refreshing org.springframework.boot.context.embedded.AnnotationConfigEmbeddedWebApplicationContext@e7ba67: startup date [Sun Feb 11 22:44:47 GST 2018]; root of context hierarchy
KABANI LOG 2018-02-11 22:44:47  INFO NB3111721233 --- [kground-preinit]
			o.h.v.i.u.Version    : HV000001: Hibernate Validator 5.3.6.Final
KABANI LOG 2018-02-11 22:44:48  INFO NB3111721233 --- [restartedMain]
			s.b.c.e.t.TomcatEmbeddedServletContainer : Tomcat initialized with port(s): 8888 (http)
KABANI LOG 2018-02-11 22:44:48  INFO NB3111721233 --- [restartedMain]
			o.a.c.c.StandardService : Starting service [Tomcat]
KABANI LOG 2018-02-11 22:44:48  INFO NB3111721233 --- [restartedMain]
			o.a.c.c.StandardEngine : Starting Servlet Engine: Apache Tomcat/8.5.23
KABANI LOG 2018-02-11 22:44:49  INFO NB3111721233 --- [ost-startStop-1]
			o.a.c.c.C.[.[.[/]    : Initializing Spring embedded WebApplicationContext
KABANI LOG 2018-02-11 22:44:49  INFO NB3111721233 --- [ost-startStop-1]
			o.s.w.c.ContextLoader : Root WebApplicationContext: initialization completed in 2021 ms
KABANI LOG 2018-02-11 22:44:49  INFO NB3111721233 --- [ost-startStop-1]
			o.s.b.w.s.ServletRegistrationBean : Mapping servlet: 'dispatcherServlet' to [/]
KABANI LOG 2018-02-11 22:44:49  INFO NB3111721233 --- [ost-startStop-1]
			o.s.b.w.s.FilterRegistrationBean : Mapping filter: 'characterEncodingFilter' to: [/*]
KABANI LOG 2018-02-11 22:44:49  INFO NB3111721233 --- [ost-startStop-1]
			o.s.b.w.s.FilterRegistrationBean : Mapping filter: 'hiddenHttpMethodFilter' to: [/*]
KABANI LOG 2018-02-11 22:44:49  INFO NB3111721233 --- [ost-startStop-1]
			o.s.b.w.s.FilterRegistrationBean : Mapping filter: 'httpPutFormContentFilter' to: [/*]
KABANI LOG 2018-02-11 22:44:49  INFO NB3111721233 --- [ost-startStop-1]
			o.s.b.w.s.FilterRegistrationBean : Mapping filter: 'requestContextFilter' to: [/*]
KABANI LOG 2018-02-11 22:45:07  INFO NB3111721233 --- [restartedMain]
			j.LocalContainerEntityManagerFactoryBean : Building JPA container EntityManagerFactory for persistence unit 'default'
KABANI LOG 2018-02-11 22:45:07  INFO NB3111721233 --- [restartedMain]
			o.h.j.i.u.LogHelper  : HHH000204: Processing PersistenceUnitInfo [
	name: default
	...]
KABANI LOG 2018-02-11 22:45:07  INFO NB3111721233 --- [restartedMain]
			o.h.Version          : HHH000412: Hibernate Core {5.0.12.Final}
KABANI LOG 2018-02-11 22:45:07  INFO NB3111721233 --- [restartedMain]
			o.h.c.Environment    : HHH000206: hibernate.properties not found
KABANI LOG 2018-02-11 22:45:07  INFO NB3111721233 --- [restartedMain]
			o.h.c.Environment    : HHH000021: Bytecode provider name : javassist
KABANI LOG 2018-02-11 22:45:07  INFO NB3111721233 --- [restartedMain]
			o.h.a.c.Version      : HCANN000001: Hibernate Commons Annotations {5.0.1.Final}
KABANI LOG 2018-02-11 22:45:07  INFO NB3111721233 --- [restartedMain]
			o.h.d.Dialect        : HHH000400: Using dialect: org.hibernate.dialect.MySQL5Dialect
KABANI LOG 2018-02-11 22:45:07  WARN NB3111721233 --- [restartedMain]
			o.h.m.RootClass      : HHH000038: Composite-id class does not override equals(): com.kabani.hr.entity.MyKey
KABANI LOG 2018-02-11 22:45:07  WARN NB3111721233 --- [restartedMain]
			o.h.m.RootClass      : HHH000039: Composite-id class does not override hashCode(): com.kabani.hr.entity.MyKey
KABANI LOG 2018-02-11 22:45:07  INFO NB3111721233 --- [restartedMain]
			o.h.t.PojoInstantiator : HHH000182: No default (no-argument) constructor for class: com.kabani.hr.entity.SalaryStatus (class must be instantiated by Interceptor)
KABANI LOG 2018-02-11 22:45:07  INFO NB3111721233 --- [restartedMain]
			o.h.t.h.SchemaUpdate : HHH000228: Running hbm2ddl schema update
KABANI LOG 2018-02-11 22:45:37  INFO NB3111721233 --- [restartedMain]
			rmationExtractorJdbcDatabaseMetaDataImpl : HHH000262: Table not found: employee_leave
KABANI LOG 2018-02-11 22:45:37  INFO NB3111721233 --- [restartedMain]
			rmationExtractorJdbcDatabaseMetaDataImpl : HHH000262: Table not found: employee_leave
KABANI LOG 2018-02-11 22:45:38  INFO NB3111721233 --- [restartedMain]
			rmationExtractorJdbcDatabaseMetaDataImpl : HHH000262: Table not found: employee_manual_attendance
KABANI LOG 2018-02-11 22:45:38  INFO NB3111721233 --- [restartedMain]
			rmationExtractorJdbcDatabaseMetaDataImpl : HHH000262: Table not found: employee_manual_attendance
KABANI LOG 2018-02-11 22:46:55  INFO NB3111721233 --- [restartedMain]
			j.LocalContainerEntityManagerFactoryBean : Initialized JPA EntityManagerFactory for persistence unit 'default'
KABANI LOG 2018-02-11 22:46:55  INFO NB3111721233 --- [restartedMain]
			o.h.h.i.QueryTranslatorFactoryInitiator : HHH000397: Using ASTQueryTranslatorFactory
KABANI LOG 2018-02-11 22:46:56  INFO NB3111721233 --- [restartedMain]
			s.w.s.m.m.a.RequestMappingHandlerAdapter : Looking for @ControllerAdvice: org.springframework.boot.context.embedded.AnnotationConfigEmbeddedWebApplicationContext@e7ba67: startup date [Sun Feb 11 22:44:47 GST 2018]; root of context hierarchy
KABANI LOG 2018-02-11 22:46:56  INFO NB3111721233 --- [restartedMain]
			s.w.s.m.m.a.RequestMappingHandlerMapping : Mapped "{[/employeeupload/bulk],methods=[POST]}" onto public java.lang.Iterable<com.kabani.hr.entity.EmployeeDetailsMaster> com.kabani.hr.controller.EmployeeBulkUploadController.handleFileUpload(org.springframework.web.multipart.MultipartFile) throws java.lang.Exception
KABANI LOG 2018-02-11 22:46:56  INFO NB3111721233 --- [restartedMain]
			s.w.s.m.m.a.RequestMappingHandlerMapping : Mapped "{[/employee/all],methods=[GET]}" onto public java.util.List<com.kabani.hr.entity.EmployeeDetailsMaster> com.kabani.hr.controller.EmployeeDetailsController.getAllEmployees()
KABANI LOG 2018-02-11 22:46:56  INFO NB3111721233 --- [restartedMain]
			s.w.s.m.m.a.RequestMappingHandlerMapping : Mapped "{[/employee/addorupdate],methods=[POST]}" onto public boolean com.kabani.hr.controller.EmployeeDetailsController.updateOrAddEmployee(com.kabani.hr.entity.EmployeeDetailsMaster)
KABANI LOG 2018-02-11 22:46:56  INFO NB3111721233 --- [restartedMain]
			s.w.s.m.m.a.RequestMappingHandlerMapping : Mapped "{[/employeeleave/all],methods=[GET]}" onto public java.util.List<com.kabani.hr.entity.EmployeeLeave> com.kabani.hr.controller.EmployeeLeaveController.getAllEmployees()
KABANI LOG 2018-02-11 22:46:56  INFO NB3111721233 --- [restartedMain]
			s.w.s.m.m.a.RequestMappingHandlerMapping : Mapped "{[/employeeleave/addorupdate],methods=[POST]}" onto public boolean com.kabani.hr.controller.EmployeeLeaveController.updateOrAddEmployee(com.kabani.hr.entity.EmployeeLeave)
KABANI LOG 2018-02-11 22:46:56  INFO NB3111721233 --- [restartedMain]
			s.w.s.m.m.a.RequestMappingHandlerMapping : Mapped "{[/manualattendance/all],methods=[GET]}" onto public java.util.List<com.kabani.hr.entity.EmployeeManualAttendance> com.kabani.hr.controller.EmployeeManualAttendanceController.getAllEmployees()
KABANI LOG 2018-02-11 22:46:56  INFO NB3111721233 --- [restartedMain]
			s.w.s.m.m.a.RequestMappingHandlerMapping : Mapped "{[/manualattendance/addorupdate],methods=[POST]}" onto public boolean com.kabani.hr.controller.EmployeeManualAttendanceController.updateOrAddEmployee(com.kabani.hr.entity.EmployeeManualAttendance)
KABANI LOG 2018-02-11 22:46:56  INFO NB3111721233 --- [restartedMain]
			s.w.s.m.m.a.RequestMappingHandlerMapping : Mapped "{[/holiday/all],methods=[POST]}" onto public java.util.List<com.kabani.hr.entity.HolidayDetailsMaster> com.kabani.hr.controller.HolidayDetailsController.getAllEmployees()
KABANI LOG 2018-02-11 22:46:56  INFO NB3111721233 --- [restartedMain]
			s.w.s.m.m.a.RequestMappingHandlerMapping : Mapped "{[/holiday/delete],methods=[POST]}" onto public boolean com.kabani.hr.controller.HolidayDetailsController.deleteEmployee(com.kabani.hr.entity.HolidayDetailsMaster)
KABANI LOG 2018-02-11 22:46:56  INFO NB3111721233 --- [restartedMain]
			s.w.s.m.m.a.RequestMappingHandlerMapping : Mapped "{[/holiday/all/{month}/{year}],methods=[GET]}" onto public java.util.List<com.kabani.hr.entity.HolidayDetailsMaster> com.kabani.hr.controller.HolidayDetailsController.getAllHolidayInYearMonth(int,int)
KABANI LOG 2018-02-11 22:46:56  INFO NB3111721233 --- [restartedMain]
			s.w.s.m.m.a.RequestMappingHandlerMapping : Mapped "{[/holiday/addorupdate],methods=[POST]}" onto public boolean com.kabani.hr.controller.HolidayDetailsController.updateOrAddEmployee(com.kabani.hr.entity.HolidayDetailsMaster)
KABANI LOG 2018-02-11 22:46:56  INFO NB3111721233 --- [restartedMain]
			s.w.s.m.m.a.RequestMappingHandlerMapping : Mapped "{[/upload/{name}],methods=[POST]}" onto public java.lang.String[] com.kabani.hr.controller.MainController.handleFileUpload(org.springframework.web.multipart.MultipartFile,java.lang.String) throws java.lang.Exception
KABANI LOG 2018-02-11 22:46:56  INFO NB3111721233 --- [restartedMain]
			s.w.s.m.m.a.RequestMappingHandlerMapping : Mapped "{[/all],methods=[GET]}" onto public java.lang.Iterable<com.kabani.hr.entity.User> com.kabani.hr.controller.MainController.getAllUsers()
KABANI LOG 2018-02-11 22:46:56  INFO NB3111721233 --- [restartedMain]
			s.w.s.m.m.a.RequestMappingHandlerMapping : Mapped "{[/add],methods=[GET]}" onto public java.lang.String com.kabani.hr.controller.MainController.addNewUser(java.lang.String,java.lang.String,java.lang.String)
KABANI LOG 2018-02-11 22:46:56  INFO NB3111721233 --- [restartedMain]
			s.w.s.m.m.a.RequestMappingHandlerMapping : Mapped "{[/getAllAttandance],methods=[POST]}" onto public java.lang.Iterable<com.kabani.hr.entity.UserAttendanceDetails> com.kabani.hr.controller.MainController.getAttendanceDetails()
KABANI LOG 2018-02-11 22:46:56  INFO NB3111721233 --- [restartedMain]
			s.w.s.m.m.a.RequestMappingHandlerMapping : Mapped "{[/getDistinctEmployeesO],methods=[POST]}" onto public java.util.List com.kabani.hr.controller.MainController.getDistinctEmployeesO()
KABANI LOG 2018-02-11 22:46:56  INFO NB3111721233 --- [restartedMain]
			s.w.s.m.m.a.RequestMappingHandlerMapping : Mapped "{[/getDistinctEmployees],methods=[POST]}" onto public java.util.List<com.kabani.hr.entity.UserAttendanceDetails> com.kabani.hr.controller.MainController.getDistinctEmployees()
KABANI LOG 2018-02-11 22:46:56  INFO NB3111721233 --- [restartedMain]
			s.w.s.m.m.a.RequestMappingHandlerMapping : Mapped "{[/updateUserAttandance],methods=[POST]}" onto public boolean com.kabani.hr.controller.MainController.updateUserAttandance(com.kabani.hr.entity.UserAttendanceDetails)
KABANI LOG 2018-02-11 22:46:56  INFO NB3111721233 --- [restartedMain]
			s.w.s.m.m.a.RequestMappingHandlerMapping : Mapped "{[/login],methods=[GET]}" onto public boolean com.kabani.hr.controller.MainController.doLogin(java.lang.String,java.lang.String)
KABANI LOG 2018-02-11 22:46:56  INFO NB3111721233 --- [restartedMain]
			s.w.s.m.m.a.RequestMappingHandlerMapping : Mapped "{[/salary/salaryGenerated],methods=[GET],produces=[application/json]}" onto public int com.kabani.hr.controller.SalaryController.getSalaryStatus(java.lang.String,java.lang.String) throws java.lang.Exception
KABANI LOG 2018-02-11 22:46:56  INFO NB3111721233 --- [restartedMain]
			s.w.s.m.m.a.RequestMappingHandlerMapping : Mapped "{[/salary/generateSalary/{year}/{month}],methods=[POST]}" onto public java.util.List com.kabani.hr.controller.SalaryController.generateSalary(java.lang.String,java.lang.String) throws java.lang.Exception
KABANI LOG 2018-02-11 22:46:56  INFO NB3111721233 --- [restartedMain]
			s.w.s.m.m.a.RequestMappingHandlerMapping : Mapped "{[/salary/getSalary],methods=[GET],produces=[application/json]}" onto public java.util.List com.kabani.hr.controller.SalaryController.getSalary(java.lang.String,java.lang.String) throws java.lang.Exception
KABANI LOG 2018-02-11 22:46:56  INFO NB3111721233 --- [restartedMain]
			s.w.s.m.m.a.RequestMappingHandlerMapping : Mapped "{[/salary/getSalaryExcel],methods=[GET]}" onto public org.springframework.web.servlet.ModelAndView com.kabani.hr.controller.SalaryController.getSalaryExel(java.lang.String,java.lang.String,javax.servlet.http.HttpServletResponse) throws java.lang.Exception
KABANI LOG 2018-02-11 22:46:56  INFO NB3111721233 --- [restartedMain]
			s.w.s.m.m.a.RequestMappingHandlerMapping : Mapped "{[/salary/download],methods=[GET]}" onto public org.springframework.web.servlet.ModelAndView com.kabani.hr.controller.SalaryController.downloadExcelOutputExl(javax.servlet.http.HttpServletResponse) throws java.lang.Exception
KABANI LOG 2018-02-11 22:46:56  INFO NB3111721233 --- [restartedMain]
			s.w.s.m.m.a.RequestMappingHandlerMapping : Mapped "{[/error]}" onto public org.springframework.http.ResponseEntity<java.util.Map<java.lang.String, java.lang.Object>> org.springframework.boot.autoconfigure.web.BasicErrorController.error(javax.servlet.http.HttpServletRequest)
KABANI LOG 2018-02-11 22:46:56  INFO NB3111721233 --- [restartedMain]
			s.w.s.m.m.a.RequestMappingHandlerMapping : Mapped "{[/error],produces=[text/html]}" onto public org.springframework.web.servlet.ModelAndView org.springframework.boot.autoconfigure.web.BasicErrorController.errorHtml(javax.servlet.http.HttpServletRequest,javax.servlet.http.HttpServletResponse)
KABANI LOG 2018-02-11 22:46:56  INFO NB3111721233 --- [restartedMain]
			o.s.w.s.h.SimpleUrlHandlerMapping : Mapped URL path [/webjars/**] onto handler of type [class org.springframework.web.servlet.resource.ResourceHttpRequestHandler]
KABANI LOG 2018-02-11 22:46:56  INFO NB3111721233 --- [restartedMain]
			o.s.w.s.h.SimpleUrlHandlerMapping : Mapped URL path [/**] onto handler of type [class org.springframework.web.servlet.resource.ResourceHttpRequestHandler]
KABANI LOG 2018-02-11 22:46:56  INFO NB3111721233 --- [restartedMain]
			o.s.w.s.h.SimpleUrlHandlerMapping : Mapped URL path [/**/favicon.ico] onto handler of type [class org.springframework.web.servlet.resource.ResourceHttpRequestHandler]
KABANI LOG 2018-02-11 22:46:56  INFO NB3111721233 --- [restartedMain]
			o.s.b.d.a.OptionalLiveReloadServer : LiveReload server is running on port 35729
KABANI LOG 2018-02-11 22:46:56  INFO NB3111721233 --- [restartedMain]
			o.s.j.e.a.AnnotationMBeanExporter : Registering beans for JMX exposure on startup
KABANI LOG 2018-02-11 22:46:56  INFO NB3111721233 --- [restartedMain]
			o.a.c.h.Http11NioProtocol : Initializing ProtocolHandler ["http-nio-8888"]
KABANI LOG 2018-02-11 22:46:56  INFO NB3111721233 --- [restartedMain]
			o.a.c.h.Http11NioProtocol : Starting ProtocolHandler ["http-nio-8888"]
KABANI LOG 2018-02-11 22:46:56  INFO NB3111721233 --- [restartedMain]
			o.a.t.u.n.NioSelectorPool : Using a shared selector for servlet write/read
KABANI LOG 2018-02-11 22:46:56  INFO NB3111721233 --- [restartedMain]
			s.b.c.e.t.TomcatEmbeddedServletContainer : Tomcat started on port(s): 8888 (http)
KABANI LOG 2018-02-11 22:46:56  INFO NB3111721233 --- [restartedMain]
			c.k.h.KabaniApplication : Started KabaniApplication in 130.283 seconds (JVM running for 131.096)
KABANI LOG 2018-02-11 22:48:41  INFO NB3111721233 --- [nio-8888-exec-1]
			o.a.c.c.C.[.[.[/]    : Initializing Spring FrameworkServlet 'dispatcherServlet'
KABANI LOG 2018-02-11 22:48:41  INFO NB3111721233 --- [nio-8888-exec-1]
			o.s.w.s.DispatcherServlet : FrameworkServlet 'dispatcherServlet': initialization started
KABANI LOG 2018-02-11 22:48:41  INFO NB3111721233 --- [nio-8888-exec-1]
			o.s.w.s.DispatcherServlet : FrameworkServlet 'dispatcherServlet': initialization completed in 29 ms
KABANI LOG 2018-02-11 23:06:02  WARN NB3111721233 --- [nio-8888-exec-6]
			o.h.e.j.s.SqlExceptionHelper : SQL Error: 0, SQLState: 08S01
KABANI LOG 2018-02-11 23:06:02 ERROR NB3111721233 --- [nio-8888-exec-6]
			o.h.e.j.s.SqlExceptionHelper : Communications link failure

The last packet sent successfully to the server was 0 milliseconds ago. The driver has not received any packets from the server.
KABANI LOG 2018-02-11 23:06:02 ERROR NB3111721233 --- [nio-8888-exec-6]
			o.a.c.c.C.[.[.[.[dispatcherServlet] : Servlet.service() for servlet [dispatcherServlet] in context with path [] threw exception [Request processing failed; nested exception is org.springframework.transaction.CannotCreateTransactionException: Could not open JPA EntityManager for transaction; nested exception is org.hibernate.exception.JDBCConnectionException: Unable to acquire JDBC Connection] with root cause
java.net.UnknownHostException: payrollkabani.cqcxdmg5drbq.us-east-1.rds.amazonaws.com
	at java.net.Inet6AddressImpl.lookupAllHostAddr(Native Method)
	at java.net.InetAddress$2.lookupAllHostAddr(InetAddress.java:928)
	at java.net.InetAddress.getAddressesFromNameService(InetAddress.java:1323)
	at java.net.InetAddress.getAllByName0(InetAddress.java:1276)
	at java.net.InetAddress.getAllByName(InetAddress.java:1192)
	at java.net.InetAddress.getAllByName(InetAddress.java:1126)
	at com.mysql.jdbc.StandardSocketFactory.connect(StandardSocketFactory.java:188)
	at com.mysql.jdbc.MysqlIO.<init>(MysqlIO.java:300)
	at com.mysql.jdbc.ConnectionImpl.coreConnect(ConnectionImpl.java:2189)
	at com.mysql.jdbc.ConnectionImpl.connectOneTryOnly(ConnectionImpl.java:2222)
	at com.mysql.jdbc.ConnectionImpl.createNewIO(ConnectionImpl.java:2017)
	at com.mysql.jdbc.ConnectionImpl.<init>(ConnectionImpl.java:779)
	at com.mysql.jdbc.JDBC4Connection.<init>(JDBC4Connection.java:47)
	at sun.reflect.NativeConstructorAccessorImpl.newInstance0(Native Method)
	at sun.reflect.NativeConstructorAccessorImpl.newInstance(NativeConstructorAccessorImpl.java:62)
	at sun.reflect.DelegatingConstructorAccessorImpl.newInstance(DelegatingConstructorAccessorImpl.java:45)
	at java.lang.reflect.Constructor.newInstance(Constructor.java:422)
	at com.mysql.jdbc.Util.handleNewInstance(Util.java:425)
	at com.mysql.jdbc.ConnectionImpl.getInstance(ConnectionImpl.java:389)
	at com.mysql.jdbc.NonRegisteringDriver.connect(NonRegisteringDriver.java:330)
	at org.apache.tomcat.jdbc.pool.PooledConnection.connectUsingDriver(PooledConnection.java:310)
	at org.apache.tomcat.jdbc.pool.PooledConnection.connect(PooledConnection.java:203)
	at org.apache.tomcat.jdbc.pool.PooledConnection.reconnect(PooledConnection.java:361)
	at org.apache.tomcat.jdbc.pool.ConnectionPool.borrowConnection(ConnectionPool.java:821)
	at org.apache.tomcat.jdbc.pool.ConnectionPool.borrowConnection(ConnectionPool.java:651)
	at org.apache.tomcat.jdbc.pool.ConnectionPool.getConnection(ConnectionPool.java:198)
	at org.apache.tomcat.jdbc.pool.DataSourceProxy.getConnection(DataSourceProxy.java:132)
	at org.hibernate.engine.jdbc.connections.internal.DatasourceConnectionProviderImpl.getConnection(DatasourceConnectionProviderImpl.java:122)
	at org.hibernate.internal.AbstractSessionImpl$NonContextualJdbcConnectionAccess.obtainConnection(AbstractSessionImpl.java:386)
	at org.hibernate.resource.jdbc.internal.LogicalConnectionManagedImpl.acquireConnectionIfNeeded(LogicalConnectionManagedImpl.java:87)
	at org.hibernate.resource.jdbc.internal.LogicalConnectionManagedImpl.getPhysicalConnection(LogicalConnectionManagedImpl.java:112)
	at org.hibernate.internal.SessionImpl.connection(SessionImpl.java:489)
	at sun.reflect.GeneratedMethodAccessor116.invoke(Unknown Source)
	at sun.reflect.DelegatingMethodAccessorImpl.invoke(DelegatingMethodAccessorImpl.java:43)
	at java.lang.reflect.Method.invoke(Method.java:497)
	at org.springframework.util.ReflectionUtils.invokeMethod(ReflectionUtils.java:216)
	at org.springframework.util.ReflectionUtils.invokeMethod(ReflectionUtils.java:201)
	at org.springframework.orm.jpa.vendor.HibernateJpaDialect$HibernateConnectionHandle.doGetConnection(HibernateJpaDialect.java:414)
	at org.springframework.orm.jpa.vendor.HibernateJpaDialect.beginTransaction(HibernateJpaDialect.java:177)
	at org.springframework.orm.jpa.JpaTransactionManager.doBegin(JpaTransactionManager.java:380)
	at org.springframework.transaction.support.AbstractPlatformTransactionManager.getTransaction(AbstractPlatformTransactionManager.java:373)
	at org.springframework.transaction.interceptor.TransactionAspectSupport.createTransactionIfNecessary(TransactionAspectSupport.java:461)
	at org.springframework.transaction.interceptor.TransactionAspectSupport.invokeWithinTransaction(TransactionAspectSupport.java:277)
	at org.springframework.transaction.interceptor.TransactionInterceptor.invoke(TransactionInterceptor.java:96)
	at org.springframework.aop.framework.ReflectiveMethodInvocation.proceed(ReflectiveMethodInvocation.java:179)
	at org.springframework.dao.support.PersistenceExceptionTranslationInterceptor.invoke(PersistenceExceptionTranslationInterceptor.java:136)
	at org.springframework.aop.framework.ReflectiveMethodInvocation.proceed(ReflectiveMethodInvocation.java:179)
	at org.springframework.data.jpa.repository.support.CrudMethodMetadataPostProcessor$CrudMethodMetadataPopulatingMethodInterceptor.invoke(CrudMethodMetadataPostProcessor.java:133)
	at org.springframework.aop.framework.ReflectiveMethodInvocation.proceed(ReflectiveMethodInvocation.java:179)
	at org.springframework.aop.interceptor.ExposeInvocationInterceptor.invoke(ExposeInvocationInterceptor.java:92)
	at org.springframework.aop.framework.ReflectiveMethodInvocation.proceed(ReflectiveMethodInvocation.java:179)
	at org.springframework.data.repository.core.support.SurroundingTransactionDetectorMethodInterceptor.invoke(SurroundingTransactionDetectorMethodInterceptor.java:57)
	at org.springframework.aop.framework.ReflectiveMethodInvocation.proceed(ReflectiveMethodInvocation.java:179)
	at org.springframework.aop.framework.JdkDynamicAopProxy.invoke(JdkDynamicAopProxy.java:213)
	at com.sun.proxy.$Proxy97.findAll(Unknown Source)
	at com.kabani.hr.controller.EmployeeDetailsController.getAllEmployees(EmployeeDetailsController.java:29)
	at sun.reflect.GeneratedMethodAccessor134.invoke(Unknown Source)
	at sun.reflect.DelegatingMethodAccessorImpl.invoke(DelegatingMethodAccessorImpl.java:43)
	at java.lang.reflect.Method.invoke(Method.java:497)
	at org.springframework.web.method.support.InvocableHandlerMethod.doInvoke(InvocableHandlerMethod.java:205)
	at org.springframework.web.method.support.InvocableHandlerMethod.invokeForRequest(InvocableHandlerMethod.java:133)
	at org.springframework.web.servlet.mvc.method.annotation.ServletInvocableHandlerMethod.invokeAndHandle(ServletInvocableHandlerMethod.java:97)
	at org.springframework.web.servlet.mvc.method.annotation.RequestMappingHandlerAdapter.invokeHandlerMethod(RequestMappingHandlerAdapter.java:827)
	at org.springframework.web.servlet.mvc.method.annotation.RequestMappingHandlerAdapter.handleInternal(RequestMappingHandlerAdapter.java:738)
	at org.springframework.web.servlet.mvc.method.AbstractHandlerMethodAdapter.handle(AbstractHandlerMethodAdapter.java:85)
	at org.springframework.web.servlet.DispatcherServlet.doDispatch(DispatcherServlet.java:967)
	at org.springframework.web.servlet.DispatcherServlet.doService(DispatcherServlet.java:901)
	at org.springframework.web.servlet.FrameworkServlet.processRequest(FrameworkServlet.java:970)
	at org.springframework.web.servlet.FrameworkServlet.doGet(FrameworkServlet.java:861)
	at javax.servlet.http.HttpServlet.service(HttpServlet.java:635)
	at org.springframework.web.servlet.FrameworkServlet.service(FrameworkServlet.java:846)
	at javax.servlet.http.HttpServlet.service(HttpServlet.java:742)
	at org.apache.catalina.core.ApplicationFilterChain.internalDoFilter(ApplicationFilterChain.java:231)
	at org.apache.catalina.core.ApplicationFilterChain.doFilter(ApplicationFilterChain.java:166)
	at org.apache.tomcat.websocket.server.WsFilter.doFilter(WsFilter.java:52)
	at org.apache.catalina.core.ApplicationFilterChain.internalDoFilter(ApplicationFilterChain.java:193)
	at org.apache.catalina.core.ApplicationFilterChain.doFilter(ApplicationFilterChain.java:166)
	at org.springframework.web.filter.RequestContextFilter.doFilterInternal(RequestContextFilter.java:99)
	at org.springframework.web.filter.OncePerRequestFilter.doFilter(OncePerRequestFilter.java:107)
	at org.apache.catalina.core.ApplicationFilterChain.internalDoFilter(ApplicationFilterChain.java:193)
	at org.apache.catalina.core.ApplicationFilterChain.doFilter(ApplicationFilterChain.java:166)
	at org.springframework.web.filter.HttpPutFormContentFilter.doFilterInternal(HttpPutFormContentFilter.java:108)
	at org.springframework.web.filter.OncePerRequestFilter.doFilter(OncePerRequestFilter.java:107)
	at org.apache.catalina.core.ApplicationFilterChain.internalDoFilter(ApplicationFilterChain.java:193)
	at org.apache.catalina.core.ApplicationFilterChain.doFilter(ApplicationFilterChain.java:166)
	at org.springframework.web.filter.HiddenHttpMethodFilter.doFilterInternal(HiddenHttpMethodFilter.java:81)
	at org.springframework.web.filter.OncePerRequestFilter.doFilter(OncePerRequestFilter.java:107)
	at org.apache.catalina.core.ApplicationFilterChain.internalDoFilter(ApplicationFilterChain.java:193)
	at org.apache.catalina.core.ApplicationFilterChain.doFilter(ApplicationFilterChain.java:166)
	at org.springframework.web.filter.CharacterEncodingFilter.doFilterInternal(CharacterEncodingFilter.java:197)
	at org.springframework.web.filter.OncePerRequestFilter.doFilter(OncePerRequestFilter.java:107)
	at org.apache.catalina.core.ApplicationFilterChain.internalDoFilter(ApplicationFilterChain.java:193)
	at org.apache.catalina.core.ApplicationFilterChain.doFilter(ApplicationFilterChain.java:166)
	at org.apache.catalina.core.StandardWrapperValve.invoke(StandardWrapperValve.java:199)
	at org.apache.catalina.core.StandardContextValve.invoke(StandardContextValve.java:96)
	at org.apache.catalina.authenticator.AuthenticatorBase.invoke(AuthenticatorBase.java:478)
	at org.apache.catalina.core.StandardHostValve.invoke(StandardHostValve.java:140)
	at org.apache.catalina.valves.ErrorReportValve.invoke(ErrorReportValve.java:81)
	at org.apache.catalina.core.StandardEngineValve.invoke(StandardEngineValve.java:87)
	at org.apache.catalina.connector.CoyoteAdapter.service(CoyoteAdapter.java:342)
	at org.apache.coyote.http11.Http11Processor.service(Http11Processor.java:803)
	at org.apache.coyote.AbstractProcessorLight.process(AbstractProcessorLight.java:66)
	at org.apache.coyote.AbstractProtocol$ConnectionHandler.process(AbstractProtocol.java:868)
	at org.apache.tomcat.util.net.NioEndpoint$SocketProcessor.doRun(NioEndpoint.java:1459)
	at org.apache.tomcat.util.net.SocketProcessorBase.run(SocketProcessorBase.java:49)
	at java.util.concurrent.ThreadPoolExecutor.runWorker(ThreadPoolExecutor.java:1142)
	at java.util.concurrent.ThreadPoolExecutor$Worker.run(ThreadPoolExecutor.java:617)
	at org.apache.tomcat.util.threads.TaskThread$WrappingRunnable.run(TaskThread.java:61)
	at java.lang.Thread.run(Thread.java:745)
